lerna(verbose) GitUtilities.isInitialized    ()
lerna(verbose) GitUtilities.isInitialized    () => true
lerna(verbose) GitUtilities.getTopLevelDirectory()
lerna(verbose) GitUtilities.getTopLevelDirectory() => "/Users/tim/workspace/js-accounts/accounts"
lerna(verbose) FileSystemUtilities.existsSync("/Users/tim/workspace/js-accounts/accounts/lerna.json")
lerna(verbose) FileSystemUtilities.existsSync("/Users/tim/workspace/js-accounts/accounts/lerna.json") => true
lerna(verbose) FileSystemUtilities.readFileSync("/Users/tim/workspace/js-accounts/accounts/lerna.json")
lerna(verbose) FileSystemUtilities.readFileSync("/Users/tim/workspace/js-accounts/accounts/lerna.json") => "{\n  \"lerna\": \"2.0.0-beta.32\",\n  \"packages\": [\n    \"packages/*\"\n  ],\n  \"version\": \"0.0.1\"\n}"
lerna(verbose) FileSystemUtilities.existsSync("/Users/tim/workspace/js-accounts/accounts/package.json")
lerna(verbose) FileSystemUtilities.existsSync("/Users/tim/workspace/js-accounts/accounts/package.json") => true
lerna(verbose) FileSystemUtilities.readFileSync("/Users/tim/workspace/js-accounts/accounts/package.json")
lerna(verbose) FileSystemUtilities.readFileSync("/Users/tim/workspace/js-accounts/accounts/package.json") => "{\n  \"name\": \"@accounts/accounts\",\n  \"version\": \"0.0.1\",\n  \"description\": \"Fullstack authentication and accounts-management\",\n  \"repository\": {\n    \"type\": \"git\",\n    \"url\": \"https://github.com/js-accounts/accounts\"\n  },\n  \"keywords\": [\n    \"rest\",\n    \"graphql\",\n    \"passport\",\n    \"grant\",\n    \"auth\",\n    \"authentication\",\n    \"accounts\",\n    \"users\"\n  ],\n  \"author\": \"Gadi Cohen & Tim Mikeladze\",\n  \"license\": \"MIT\",\n  \"devDependencies\": {\n    \"lerna\": \"2.0.0-beta.32\"\n  }\n}"
lerna(info)    Lerna v2.0.0-beta.32
lerna(verbose) FileSystemUtilities.existsSync("/Users/tim/workspace/js-accounts/accounts/package.json")
lerna(verbose) FileSystemUtilities.existsSync("/Users/tim/workspace/js-accounts/accounts/package.json") => true
lerna(verbose) FileSystemUtilities.existsSync("/Users/tim/workspace/js-accounts/accounts/lerna.json")
lerna(verbose) FileSystemUtilities.existsSync("/Users/tim/workspace/js-accounts/accounts/lerna.json") => true
lerna(verbose) FileSystemUtilities.existsSync("/Users/tim/workspace/js-accounts/accounts/VERSION")
lerna(verbose) FileSystemUtilities.existsSync("/Users/tim/workspace/js-accounts/accounts/VERSION") => false
lerna(verbose) FileSystemUtilities.existsSync("/Users/tim/workspace/js-accounts/accounts/packages/client/package.json")
lerna(verbose) FileSystemUtilities.existsSync("/Users/tim/workspace/js-accounts/accounts/packages/client/package.json") => true
lerna(verbose) FileSystemUtilities.existsSync("/Users/tim/workspace/js-accounts/accounts/packages/common/package.json")
lerna(verbose) FileSystemUtilities.existsSync("/Users/tim/workspace/js-accounts/accounts/packages/common/package.json") => true
lerna(verbose) FileSystemUtilities.existsSync("./package.json")
lerna(verbose) FileSystemUtilities.existsSync("./package.json") => true
lerna(verbose) Attempting running RunCommand.initialize
lerna(error)   Errored while running RunCommand.initialize
    Error: You must specify which npm script to run.
        at RunCommand.initialize (/Users/tim/.nvm/versions/node/v6.1.0/lib/node_modules/lerna/lib/commands/RunCommand.js:48:18)
        at RunCommand._attempt (/Users/tim/.nvm/versions/node/v6.1.0/lib/node_modules/lerna/lib/Command.js:166:21)
        at RunCommand.runCommand (/Users/tim/.nvm/versions/node/v6.1.0/lib/node_modules/lerna/lib/Command.js:150:12)
        at RunCommand.run (/Users/tim/.nvm/versions/node/v6.1.0/lib/node_modules/lerna/lib/Command.js:69:12)
        at Object.<anonymous> (/Users/tim/.nvm/versions/node/v6.1.0/lib/node_modules/lerna/bin/lerna.js:62:11)
        at Module._compile (module.js:541:32)
        at Object.Module._extensions..js (module.js:550:10)
        at Module.load (module.js:456:32)
        at tryModuleLoad (module.js:415:12)
        at Function.Module._load (module.js:407:3)
